<?xml version="1.0" encoding="UTF-8"?>
<!-- Generated by org.testng.reporters.JUnitXMLReporter -->
<testsuite hostname="LAPTOP-OJ7IS97K" ignored="0" name="Add Customer Test" tests="4" failures="0" timestamp="01 Jun 2019 18:12:16 GMT" time="14.244" errors="0">
  <testcase name="addCustomerTest" time="4.943" classname="com.w2a.testcases.AddCustomerTest"/>
  <testcase name="addCustomerTest" time="0.0" classname="com.w2a.testcases.AddCustomerTest">
    <skipped/>
  </testcase> <!-- addCustomerTest -->
  <testcase name="addCustomerTest" time="4.555" classname="com.w2a.testcases.AddCustomerTest"/>
  <testcase name="addCustomerTest" time="4.551" classname="com.w2a.testcases.AddCustomerTest"/>
</testsuite> <!-- Add Customer Test -->
