<?xml version="1.0" encoding="UTF-8"?>
<testng-results skipped="1" failed="0" ignored="0" total="6" passed="5">
  <reporter-output>
    <line>
      <![CDATA[<br>Verification failure : expected [abc] but found [xyz]<br>]]>
    </line>
    <line>
      <![CDATA[<a target="_blank" href=Wed_May_15_16_08_35_IST_2019.jpg><img src=Wed_May_15_16_08_35_IST_2019.jpg height=200 width=200></img></a>]]>
    </line>
    <line>
      <![CDATA[<br>]]>
    </line>
    <line>
      <![CDATA[<br>]]>
    </line>
  </reporter-output>
  <suite name="Data Driven Basics" duration-ms="20551" started-at="2019-05-15T10:38:35Z" finished-at="2019-05-15T10:38:55Z">
    <groups>
    </groups>
    <test name="Bank Manager Login Test" duration-ms="3952" started-at="2019-05-15T10:38:35Z" finished-at="2019-05-15T10:38:39Z">
      <class name="com.w2a.testcases.BankManagerLoginTest">
        <test-method status="PASS" signature="bankManagerLoginTest()[pri:0, instance:com.w2a.testcases.BankManagerLoginTest@1c73951]" name="bankManagerLoginTest" duration-ms="3663" started-at="2019-05-15T16:08:35Z" finished-at="2019-05-15T16:08:38Z">
          <reporter-output>
            <line>
              <![CDATA[<br>Verification failure : expected [abc] but found [xyz]<br>]]>
            </line>
            <line>
              <![CDATA[<a target="_blank" href=Wed_May_15_16_08_35_IST_2019.jpg><img src=Wed_May_15_16_08_35_IST_2019.jpg height=200 width=200></img></a>]]>
            </line>
            <line>
              <![CDATA[<br>]]>
            </line>
            <line>
              <![CDATA[<br>]]>
            </line>
          </reporter-output>
        </test-method> <!-- bankManagerLoginTest -->
      </class> <!-- com.w2a.testcases.BankManagerLoginTest -->
    </test> <!-- Bank Manager Login Test -->
    <test name="Add Customer Test" duration-ms="13877" started-at="2019-05-15T10:38:39Z" finished-at="2019-05-15T10:38:52Z">
      <class name="com.w2a.testcases.AddCustomerTest">
        <test-method status="PASS" signature="addCustomerTest(java.util.Hashtable)[pri:0, instance:com.w2a.testcases.AddCustomerTest@3bfa16]" name="addCustomerTest" duration-ms="4651" started-at="2019-05-15T16:08:39Z" data-provider="dp" finished-at="2019-05-15T16:08:43Z">
          <params>
            <param index="0">
              <value>
                <![CDATA[{alerttext=Customer added successfully, postcode=A234wd, lastname=Arora, runmode=Y, firstname=Raman}]]>
              </value>
            </param>
          </params>
          <reporter-output>
          </reporter-output>
        </test-method> <!-- addCustomerTest -->
        <test-method status="SKIP" signature="addCustomerTest(java.util.Hashtable)[pri:0, instance:com.w2a.testcases.AddCustomerTest@3bfa16]" name="addCustomerTest" duration-ms="0" started-at="2019-05-15T16:08:43Z" data-provider="dp" finished-at="2019-05-15T16:08:43Z">
          <params>
            <param index="0">
              <value>
                <![CDATA[{alerttext=Customer added successfully, postcode=A234wd, lastname=Arora, runmode=N, firstname=Rahul}]]>
              </value>
            </param>
          </params>
          <exception class="org.testng.SkipException">
            <message>
              <![CDATA[Skipping the test case as the Run mode for data set is NO]]>
            </message>
            <full-stacktrace>
              <![CDATA[org.testng.SkipException: Skipping the test case as the Run mode for data set is NO
	at com.w2a.testcases.AddCustomerTest.addCustomerTest(AddCustomerTest.java:22)
	at sun.reflect.NativeMethodAccessorImpl.invoke0(Native Method)
	at sun.reflect.NativeMethodAccessorImpl.invoke(NativeMethodAccessorImpl.java:62)
	at sun.reflect.DelegatingMethodAccessorImpl.invoke(DelegatingMethodAccessorImpl.java:43)
	at java.lang.reflect.Method.invoke(Method.java:498)
	at org.testng.internal.MethodInvocationHelper.invokeMethod(MethodInvocationHelper.java:108)
	at org.testng.internal.Invoker.invokeMethod(Invoker.java:661)
	at org.testng.internal.Invoker.invokeTestMethod(Invoker.java:869)
	at org.testng.internal.Invoker.invokeTestMethods(Invoker.java:1193)
	at org.testng.internal.TestMethodWorker.invokeTestMethods(TestMethodWorker.java:126)
	at org.testng.internal.TestMethodWorker.run(TestMethodWorker.java:109)
	at org.testng.TestRunner.privateRun(TestRunner.java:744)
	at org.testng.TestRunner.run(TestRunner.java:602)
	at org.testng.SuiteRunner.runTest(SuiteRunner.java:380)
	at org.testng.SuiteRunner.runSequentially(SuiteRunner.java:375)
	at org.testng.SuiteRunner.privateRun(SuiteRunner.java:340)
	at org.testng.SuiteRunner.run(SuiteRunner.java:289)
	at org.testng.SuiteRunnerWorker.runSuite(SuiteRunnerWorker.java:52)
	at org.testng.SuiteRunnerWorker.run(SuiteRunnerWorker.java:86)
	at org.testng.TestNG.runSuitesSequentially(TestNG.java:1301)
	at org.testng.TestNG.runSuitesLocally(TestNG.java:1226)
	at org.testng.TestNG.runSuites(TestNG.java:1144)
	at org.testng.TestNG.run(TestNG.java:1115)
	at org.apache.maven.surefire.testng.TestNGExecutor.run(TestNGExecutor.java:295)
	at org.apache.maven.surefire.testng.TestNGXmlTestSuite.execute(TestNGXmlTestSuite.java:84)
	at org.apache.maven.surefire.testng.TestNGProvider.invoke(TestNGProvider.java:90)
	at org.apache.maven.surefire.booter.ForkedBooter.invokeProviderInSameClassLoader(ForkedBooter.java:203)
	at org.apache.maven.surefire.booter.ForkedBooter.runSuitesInProcess(ForkedBooter.java:155)
	at org.apache.maven.surefire.booter.ForkedBooter.main(ForkedBooter.java:103)
]]>
            </full-stacktrace>
          </exception> <!-- org.testng.SkipException -->
          <reporter-output>
          </reporter-output>
        </test-method> <!-- addCustomerTest -->
        <test-method status="PASS" signature="addCustomerTest(java.util.Hashtable)[pri:0, instance:com.w2a.testcases.AddCustomerTest@3bfa16]" name="addCustomerTest" duration-ms="4535" started-at="2019-05-15T16:08:43Z" data-provider="dp" finished-at="2019-05-15T16:08:48Z">
          <params>
            <param index="0">
              <value>
                <![CDATA[{alerttext=Customer added successfully, postcode=A234wd, lastname=Arora, runmode=Y, firstname=Ishita}]]>
              </value>
            </param>
          </params>
          <reporter-output>
          </reporter-output>
        </test-method> <!-- addCustomerTest -->
        <test-method status="PASS" signature="addCustomerTest(java.util.Hashtable)[pri:0, instance:com.w2a.testcases.AddCustomerTest@3bfa16]" name="addCustomerTest" duration-ms="4519" started-at="2019-05-15T16:08:48Z" data-provider="dp" finished-at="2019-05-15T16:08:52Z">
          <params>
            <param index="0">
              <value>
                <![CDATA[{alerttext=Customer added successfully, postcode=A234wd, lastname=Sehgal, runmode=Y, firstname=Rohit}]]>
              </value>
            </param>
          </params>
          <reporter-output>
          </reporter-output>
        </test-method> <!-- addCustomerTest -->
      </class> <!-- com.w2a.testcases.AddCustomerTest -->
    </test> <!-- Add Customer Test -->
    <test name="Open Account Test" duration-ms="2693" started-at="2019-05-15T10:38:52Z" finished-at="2019-05-15T10:38:55Z">
      <class name="com.w2a.testcases.OpenAccountTest">
        <test-method status="PASS" signature="setUp()[pri:0, instance:com.w2a.testcases.OpenAccountTest@32a28a]" name="setUp" is-config="true" duration-ms="6377" started-at="2019-05-15T16:08:28Z" finished-at="2019-05-15T16:08:35Z">
          <reporter-output>
          </reporter-output>
        </test-method> <!-- setUp -->
        <test-method status="PASS" signature="openAccountTest(java.util.Hashtable)[pri:0, instance:com.w2a.testcases.OpenAccountTest@32a28a]" name="openAccountTest" duration-ms="2646" started-at="2019-05-15T16:08:52Z" data-provider="dp" finished-at="2019-05-15T16:08:55Z">
          <params>
            <param index="0">
              <value>
                <![CDATA[{currency=Rupee, customer=Raman Arora}]]>
              </value>
            </param>
          </params>
          <reporter-output>
          </reporter-output>
        </test-method> <!-- openAccountTest -->
        <test-method status="PASS" signature="tearDown()[pri:0, instance:com.w2a.testcases.OpenAccountTest@32a28a]" name="tearDown" is-config="true" duration-ms="1031" started-at="2019-05-15T16:08:55Z" finished-at="2019-05-15T16:08:56Z">
          <reporter-output>
          </reporter-output>
        </test-method> <!-- tearDown -->
      </class> <!-- com.w2a.testcases.OpenAccountTest -->
    </test> <!-- Open Account Test -->
  </suite> <!-- Data Driven Basics -->
</testng-results>
